<?xml version="1.0" encoding="UTF-8"?>
<!-- Generated by org.testng.reporters.JUnitReportReporter -->
<testsuite hostname="JYOTI" failures="0" tests="1" name="TestNgBasic.Launch" time="0.017" errors="0" timestamp="2024-07-08T11:29:34 IST" skipped="0">
  <testcase classname="TestNgBasic.Launch" name="main" time="0.017"/>
</testsuite> <!-- TestNgBasic.Launch -->
