<?xml version="1.0" encoding="UTF-8"?>
<!-- Generated by org.testng.reporters.JUnitReportReporter -->
<testsuite hostname="JYOTI" failures="0" tests="5" name="TestNg2.Shoes" time="45.868" errors="0" timestamp="2024-07-08T22:20:14 IST" skipped="0">
  <testcase classname="TestNg2.Shoes" name="RedTape" time="10.006"/>
  <testcase classname="TestNg2.Shoes" name="Skechers" time="5.377"/>
  <testcase classname="TestNg2.Shoes" name="Nike" time="11.111"/>
  <testcase classname="TestNg2.Shoes" name="Puma" time="11.562"/>
  <testcase classname="TestNg2.Shoes" name="Addidas" time="7.812"/>
</testsuite> <!-- TestNg2.Shoes -->
