<?xml version="1.0" encoding="UTF-8"?>
<!-- Generated by org.testng.reporters.JUnitReportReporter -->
<testsuite hostname="JYOTI" failures="0" tests="5" name="TestNg1.Bikes" time="37.592" errors="0" timestamp="2024-07-08T22:02:43 IST" skipped="0">
  <testcase classname="TestNg1.Bikes" name="Hayabusa" time="4.829"/>
  <testcase classname="TestNg1.Bikes" name="Royal_Enfield_GT" time="9.627"/>
  <testcase classname="TestNg1.Bikes" name="BMW" time="9.540"/>
  <testcase classname="TestNg1.Bikes" name="Kavasaki_Ninja" time="5.512"/>
  <testcase classname="TestNg1.Bikes" name="KTM" time="8.084"/>
</testsuite> <!-- TestNg1.Bikes -->
