<?xml version="1.0" encoding="UTF-8"?>
<!-- Generated by org.testng.reporters.JUnitReportReporter -->
<testsuite hostname="JYOTI" failures="0" tests="2" name="DataProvider.ReadExcel_StoreData" time="23.684" errors="0" timestamp="2024-07-18T11:40:20 IST" skipped="0">
  <testcase classname="DataProvider.ReadExcel_StoreData" name="receiver" time="12.170"/>
  <testcase classname="DataProvider.ReadExcel_StoreData" name="receiver" time="11.514"/>
</testsuite> <!-- DataProvider.ReadExcel_StoreData -->
