<?xml version="1.0" encoding="UTF-8"?>
<!-- Generated by org.testng.reporters.JUnitReportReporter -->
<testsuite hostname="JYOTI" failures="0" tests="1" name="TestNgShoes_BatchExecution.RadTape" time="44.648" errors="0" timestamp="2024-07-27T15:32:14 IST" skipped="0">
  <testcase classname="TestNgShoes_BatchExecution.RadTape" name="radtap" time="44.648"/>
</testsuite> <!-- TestNgShoes_BatchExecution.RadTape -->
