<?xml version="1.0" encoding="UTF-8"?>
<!-- Generated by org.testng.reporters.JUnitReportReporter -->
<testsuite hostname="JYOTI" failures="0" tests="2" name="DataProvider.Rd_Sd_UsingFor" time="25.939" errors="0" timestamp="2024-07-18T11:41:07 IST" skipped="0">
  <testcase classname="DataProvider.Rd_Sd_UsingFor" name="receiver" time="9.383"/>
  <testcase classname="DataProvider.Rd_Sd_UsingFor" name="receiver" time="16.556"/>
</testsuite> <!-- DataProvider.Rd_Sd_UsingFor -->
