<?xml version="1.0" encoding="UTF-8"?>
<!-- Generated by org.testng.reporters.JUnitReportReporter -->
<testsuite hostname="JYOTI" failures="0" tests="2" name="DataProvider.StoreData1" time="38.667" errors="0" timestamp="2024-07-18T11:39:24 IST" skipped="0">
  <testcase classname="DataProvider.StoreData1" name="receiver" time="13.300"/>
  <testcase classname="DataProvider.StoreData1" name="receiver" time="25.367"/>
</testsuite> <!-- DataProvider.StoreData1 -->
