<?xml version="1.0" encoding="UTF-8"?>
<!-- Generated by org.testng.reporters.JUnitReportReporter -->
<testsuite hostname="JYOTI" failures="0" tests="1" name="PageObjectModel.LoginFunction" time="31.135" errors="0" timestamp="2024-07-17T12:02:45 IST" skipped="0">
  <testcase classname="PageObjectModel.LoginFunction" name="main" time="31.135"/>
</testsuite> <!-- PageObjectModel.LoginFunction -->
