<?xml version="1.0" encoding="UTF-8"?>
<!-- Generated by org.testng.reporters.JUnitReportReporter -->
<testsuite hostname="JYOTI" failures="0" tests="1" name="Extent_Report.LoginFuntionWithCorrectCredential" time="26.782" errors="0" timestamp="2024-07-30T14:30:43 IST" skipped="0">
  <testcase classname="Extent_Report.LoginFuntionWithCorrectCredential" name="CorrectCredential" time="26.782"/>
</testsuite> <!-- Extent_Report.LoginFuntionWithCorrectCredential -->
