<?xml version="1.0" encoding="UTF-8"?>
<!-- Generated by org.testng.reporters.JUnitReportReporter -->
<testsuite hostname="JYOTI" failures="0" tests="1" name="TestNgBikes_BatchExecution.Honda" time="42.973" errors="0" timestamp="2024-07-27T15:32:14 IST" skipped="0">
  <testcase classname="TestNgBikes_BatchExecution.Honda" name="honda" time="42.973"/>
</testsuite> <!-- TestNgBikes_BatchExecution.Honda -->
