<?xml version="1.0" encoding="UTF-8"?>
<!-- Generated by org.testng.reporters.JUnitReportReporter -->
<testsuite hostname="JYOTI" failures="0" tests="1" name="Extent_Report.SampleReport" time="2.435" errors="0" timestamp="2024-07-29T10:54:51 IST" skipped="0">
  <testcase classname="Extent_Report.SampleReport" name="BasicReport" time="2.435"/>
</testsuite> <!-- Extent_Report.SampleReport -->
