<?xml version="1.0" encoding="UTF-8"?>
<!-- Generated by org.testng.reporters.JUnitReportReporter -->
<testsuite hostname="JYOTI" failures="0" tests="2" name="DataProvider.StoreData" time="0.030" errors="0" timestamp="2024-07-18T11:37:31 IST" skipped="0">
  <testcase classname="DataProvider.StoreData" name="receiver" time="0.010"/>
  <testcase classname="DataProvider.StoreData" name="receiver" time="0.020"/>
</testsuite> <!-- DataProvider.StoreData -->
