<?xml version="1.0" encoding="UTF-8"?>
<!-- Generated by org.testng.reporters.JUnitReportReporter -->
<testsuite hostname="JYOTI" failures="0" tests="1" name="ChronologicalAnnotation.ChronologicalOrderAnnotation" time="0.048" errors="0" timestamp="2024-07-12T10:47:48 IST" skipped="0">
  <testcase classname="ChronologicalAnnotation.ChronologicalOrderAnnotation" name="testcase" time="0.048"/>
</testsuite> <!-- ChronologicalAnnotation.ChronologicalOrderAnnotation -->
