<?xml version="1.0" encoding="UTF-8"?>
<!-- Generated by org.testng.reporters.JUnitReportReporter -->
<testsuite hostname="JYOTI" failures="0" tests="1" name="TestNgBikes_BatchExecution.KTM" time="43.861" errors="0" timestamp="2024-07-27T15:32:14 IST" skipped="0">
  <testcase classname="TestNgBikes_BatchExecution.KTM" name="ktm" time="43.861"/>
</testsuite> <!-- TestNgBikes_BatchExecution.KTM -->
